[2022-10-12T16:38:04.963Z] Log level: Info
[2022-10-12T16:38:04.964Z] [info] Validating found git in: git
[2022-10-12T16:38:04.970Z] [info] Using git 2.38.0 from git
[2022-10-12T16:38:04.979Z] > git rev-parse --show-toplevel [2ms]
[2022-10-12T16:38:04.987Z] > git rev-parse --git-dir --git-common-dir [2ms]
[2022-10-12T16:38:04.991Z] [info] Open repository: /home/seth/Projects/impact-management-api
[2022-10-12T16:38:05.003Z] > git rev-parse --show-toplevel [4ms]
[2022-10-12T16:38:05.007Z] > git rev-parse --show-toplevel [1ms]
[2022-10-12T16:38:05.085Z] > git status -z -uall [89ms]
[2022-10-12T16:38:05.092Z] > git rev-parse --show-toplevel [81ms]
[2022-10-12T16:38:05.126Z] > git rev-parse --show-toplevel [31ms]
[2022-10-12T16:38:05.129Z] > git symbolic-ref --short HEAD [42ms]
[2022-10-12T16:38:05.171Z] > git for-each-ref --format=%(refname)%00%(upstream:short)%00%(objectname)%00%(upstream:track)%00%(upstream:remotename)%00%(upstream:remoteref) refs/heads/main refs/remotes/main [39ms]
[2022-10-12T16:38:05.180Z] > git rev-parse --show-toplevel [51ms]
[2022-10-12T16:38:05.216Z] > git rev-parse --show-toplevel [33ms]
[2022-10-12T16:38:05.216Z] > git remote --verbose [37ms]
[2022-10-12T16:38:05.216Z] > git for-each-ref --sort -committerdate --format %(refname) %(objectname) %(*objectname) [41ms]
[2022-10-12T16:38:05.225Z] > git config --get commit.template [2ms]
[2022-10-12T16:38:05.236Z] > git status -z -uall [7ms]
[2022-10-12T16:38:05.242Z] > git symbolic-ref --short HEAD [3ms]
[2022-10-12T16:38:05.249Z] > git for-each-ref --format=%(refname)%00%(upstream:short)%00%(objectname)%00%(upstream:track)%00%(upstream:remotename)%00%(upstream:remoteref) refs/heads/main refs/remotes/main [4ms]
[2022-10-12T16:38:05.256Z] > git for-each-ref --sort -committerdate --format %(refname) %(objectname) %(*objectname) [4ms]
[2022-10-12T16:38:05.257Z] > git remote --verbose [1ms]
[2022-10-12T16:38:05.261Z] > git config --get commit.template [0ms]
[2022-10-12T16:38:05.508Z] > git check-ignore -v -z --stdin [1ms]
[2022-10-12T16:38:05.546Z] > git show --textconv :README.md [5ms]
[2022-10-12T16:38:05.546Z] > git ls-files --stage -- /home/seth/Projects/impact-management-api/README.md [1ms]
[2022-10-12T16:38:05.550Z] > git cat-file -s 375344b6c8476e0c6d8f0dd596635060fb039905 [1ms]
[2022-10-12T16:38:24.201Z] > git status -z -uall [15ms]
[2022-10-12T16:38:24.216Z] > git symbolic-ref --short HEAD [3ms]
[2022-10-12T16:38:24.232Z] > git for-each-ref --format=%(refname)%00%(upstream:short)%00%(objectname)%00%(upstream:track)%00%(upstream:remotename)%00%(upstream:remoteref) refs/heads/main refs/remotes/main [4ms]
[2022-10-12T16:38:24.257Z] > git for-each-ref --sort -committerdate --format %(refname) %(objectname) %(*objectname) [14ms]
[2022-10-12T16:38:24.258Z] > git remote --verbose [4ms]
[2022-10-12T16:38:24.270Z] > git config --get commit.template [1ms]
[2022-10-12T16:38:25.301Z] > git ls-files --stage -- /home/seth/Projects/impact-management-api/README.md [1ms]
[2022-10-12T16:38:25.304Z] > git cat-file -s 375344b6c8476e0c6d8f0dd596635060fb039905 [0ms]
[2022-10-12T16:38:25.314Z] > git show --textconv :README.md [1ms]
