[2022-10-12T16:24:49.399Z] Log level: Info
[2022-10-12T16:24:49.399Z] [info] Validating found git in: git
[2022-10-12T16:24:49.406Z] [info] Using git 2.38.0 from git
[2022-10-12T16:24:49.414Z] > git rev-parse --show-toplevel [2ms]
[2022-10-12T16:24:49.422Z] > git rev-parse --git-dir --git-common-dir [2ms]
[2022-10-12T16:24:49.426Z] [info] Open repository: /home/seth/Projects/impact-management-api
[2022-10-12T16:24:49.436Z] > git status -z -uall [4ms]
[2022-10-12T16:24:49.440Z] > git rev-parse --show-toplevel [4ms]
[2022-10-12T16:24:49.445Z] > git symbolic-ref --short HEAD [5ms]
[2022-10-12T16:24:49.453Z] > git rev-parse --show-toplevel [8ms]
[2022-10-12T16:24:49.457Z] > git for-each-ref --format=%(refname)%00%(upstream:short)%00%(objectname)%00%(upstream:track)%00%(upstream:remotename)%00%(upstream:remoteref) refs/heads/main refs/remotes/main [6ms]
[2022-10-12T16:24:49.468Z] > git remote --verbose [1ms]
[2022-10-12T16:24:49.469Z] > git for-each-ref --sort -committerdate --format %(refname) %(objectname) %(*objectname) [6ms]
[2022-10-12T16:24:49.473Z] > git rev-parse --show-toplevel [16ms]
[2022-10-12T16:24:49.483Z] > git rev-parse --show-toplevel [5ms]
[2022-10-12T16:24:49.488Z] > git config --get commit.template [6ms]
[2022-10-12T16:24:49.494Z] > git rev-parse --show-toplevel [7ms]
[2022-10-12T16:24:49.498Z] > git status -z -uall [5ms]
[2022-10-12T16:24:49.502Z] > git rev-parse --show-toplevel [4ms]
[2022-10-12T16:24:49.503Z] > git symbolic-ref --short HEAD [1ms]
[2022-10-12T16:24:49.507Z] > git for-each-ref --format=%(refname)%00%(upstream:short)%00%(objectname)%00%(upstream:track)%00%(upstream:remotename)%00%(upstream:remoteref) refs/heads/main refs/remotes/main [1ms]
[2022-10-12T16:24:49.516Z] > git for-each-ref --sort -committerdate --format %(refname) %(objectname) %(*objectname) [4ms]
[2022-10-12T16:24:49.516Z] > git remote --verbose [1ms]
[2022-10-12T16:24:49.522Z] > git config --get commit.template [0ms]
[2022-10-12T16:24:49.969Z] > git check-ignore -v -z --stdin [3ms]
[2022-10-12T16:27:13.948Z] > git show --textconv :README.md [5ms]
[2022-10-12T16:27:13.948Z] > git ls-files --stage -- /home/seth/Projects/impact-management-api/README.md [1ms]
[2022-10-12T16:27:13.954Z] > git cat-file -s 375344b6c8476e0c6d8f0dd596635060fb039905 [1ms]
[2022-10-12T16:27:54.925Z] > git check-ignore -v -z --stdin [4ms]
